<?xml version="1.0" encoding="UTF-8"?>
<testng-results skipped="0" failed="0" total="1" passed="1">
  <reporter-output>
  </reporter-output>
  <suite name="Default suite" duration-ms="19222" started-at="2014-10-22T17:17:20Z" finished-at="2014-10-22T17:17:39Z">
    <groups>
    </groups>
    <test name="Default test" duration-ms="19222" started-at="2014-10-22T17:17:20Z" finished-at="2014-10-22T17:17:39Z">
      <class name="org.my.baseclass.TestScripts">
        <test-method status="PASS" signature="beforeTest()[pri:0, instance:org.my.baseclass.TestScripts@42845bde]" name="beforeTest" is-config="true" duration-ms="3097" started-at="2014-10-23T00:17:20Z" finished-at="2014-10-23T00:17:23Z">
          <reporter-output>
          </reporter-output>
        </test-method> <!-- beforeTest -->
        <test-method status="PASS" signature="beforeMethod()[pri:0, instance:org.my.baseclass.TestScripts@42845bde]" name="beforeMethod" is-config="true" duration-ms="1" started-at="2014-10-23T00:17:23Z" finished-at="2014-10-23T00:17:23Z">
          <reporter-output>
          </reporter-output>
        </test-method> <!-- beforeMethod -->
        <test-method status="PASS" signature="validLogin()[pri:0, instance:org.my.baseclass.TestScripts@42845bde]" name="validLogin" duration-ms="14876" started-at="2014-10-23T00:17:23Z" finished-at="2014-10-23T00:17:38Z">
          <reporter-output>
          </reporter-output>
        </test-method> <!-- validLogin -->
        <test-method status="PASS" signature="afterTest()[pri:0, instance:org.my.baseclass.TestScripts@42845bde]" name="afterTest" is-config="true" duration-ms="1229" started-at="2014-10-23T00:17:38Z" finished-at="2014-10-23T00:17:39Z">
          <reporter-output>
          </reporter-output>
        </test-method> <!-- afterTest -->
      </class> <!-- org.my.baseclass.TestScripts -->
    </test> <!-- Default test -->
  </suite> <!-- Default suite -->
</testng-results>
